# JRE version: Java(TM) SE Runtime Environment (8.0_51-b16) (build 1.8.0_51-b16)
# Java VM: Java HotSpot(TM) 64-Bit Server VM (25.51-b03 mixed mode windows-amd64 compressed oops)
Heap:
 PSYoungGen      total 67072K, used 37202K [0x00000000eab00000, 0x00000000efb00000, 0x0000000100000000)
  eden space 66560K, 55% used [0x00000000eab00000,0x00000000eced7168,0x00000000eec00000)
  from space 512K, 98% used [0x00000000ef100000,0x00000000ef17da10,0x00000000ef180000)
  to   space 5120K, 0% used [0x00000000eec00000,0x00000000eec00000,0x00000000ef100000)
 ParOldGen       total 55808K, used 20922K [0x00000000c0000000, 0x00000000c3680000, 0x00000000eab00000)
  object space 55808K, 37% used [0x00000000c0000000,0x00000000c146e858,0x00000000c3680000)
 Metaspace       used 6332K, capacity 7192K, committed 7424K, reserved 1060864K
  class space    used 613K, capacity 656K, committed 768K, reserved 1048576K
GC Heap History (10 events):
Event: 0.375 GC heap before
{Heap before GC invocations=1 (full 0):
 PSYoungGen      total 38400K, used 8728K [0x00000000eab00000, 0x00000000ed580000, 0x0000000100000000)
  eden space 33280K, 26% used [0x00000000eab00000,0x00000000eb386310,0x00000000ecb80000)
  from space 5120K, 0% used [0x00000000ed080000,0x00000000ed080000,0x00000000ed580000)
  to   space 5120K, 0% used [0x00000000ecb80000,0x00000000ecb80000,0x00000000ed080000)
 ParOldGen       total 87552K, used 0K [0x00000000c0000000, 0x00000000c5580000, 0x00000000eab00000)
  object space 87552K, 0% used [0x00000000c0000000,0x00000000c0000000,0x00000000c5580000)
 Metaspace       used 3485K, capacity 4720K, committed 4864K, reserved 1060864K
  class space    used 376K, capacity 424K, committed 512K, reserved 1048576K
Event: 0.393 GC heap after
Heap after GC invocations=1 (full 0):
 PSYoungGen      total 38400K, used 932K [0x00000000eab00000, 0x00000000ef600000, 0x0000000100000000)
  eden space 33280K, 0% used [0x00000000eab00000,0x00000000eab00000,0x00000000ecb80000)
  from space 5120K, 18% used [0x00000000ecb80000,0x00000000ecc69290,0x00000000ed080000)
  to   space 5120K, 0% used [0x00000000ef100000,0x00000000ef100000,0x00000000ef600000)
 ParOldGen       total 87552K, used 8K [0x00000000c0000000, 0x00000000c5580000, 0x00000000eab00000)
  object space 87552K, 0% used [0x00000000c0000000,0x00000000c0002000,0x00000000c5580000)
 Metaspace       used 3485K, capacity 4720K, committed 4864K, reserved 1060864K
  class space    used 376K, capacity 424K, committed 512K, reserved 1048576K
}
Event: 0.393 GC heap before
{Heap before GC invocations=2 (full 1):
 PSYoungGen      total 38400K, used 932K [0x00000000eab00000, 0x00000000ef600000, 0x0000000100000000)
  eden space 33280K, 0% used [0x00000000eab00000,0x00000000eab00000,0x00000000ecb80000)
  from space 5120K, 18% used [0x00000000ecb80000,0x00000000ecc69290,0x00000000ed080000)
  to   space 5120K, 0% used [0x00000000ef100000,0x00000000ef100000,0x00000000ef600000)
 ParOldGen       total 87552K, used 8K [0x00000000c0000000, 0x00000000c5580000, 0x00000000eab00000)
  object space 87552K, 0% used [0x00000000c0000000,0x00000000c0002000,0x00000000c5580000)
 Metaspace       used 3485K, capacity 4720K, committed 4864K, reserved 1060864K
  class space    used 376K, capacity 424K, committed 512K, reserved 1048576K
Event: 0.426 GC heap after
Heap after GC invocations=2 (full 1):
 PSYoungGen      total 38400K, used 0K [0x00000000eab00000, 0x00000000ef600000, 0x0000000100000000)
  eden space 33280K, 0% used [0x00000000eab00000,0x00000000eab00000,0x00000000ecb80000)
  from space 5120K, 0% used [0x00000000ecb80000,0x00000000ecb80000,0x00000000ed080000)
  to   space 5120K, 0% used [0x00000000ef100000,0x00000000ef100000,0x00000000ef600000)
 ParOldGen       total 55808K, used 890K [0x00000000c0000000, 0x00000000c3680000, 0x00000000eab00000)
  object space 55808K, 1% used [0x00000000c0000000,0x00000000c00dea58,0x00000000c3680000)
 Metaspace       used 3485K, capacity 4720K, committed 4864K, reserved 1058816K
  class space    used 376K, capacity 424K, committed 512K, reserved 1048576K
}
Event: 3.627 GC heap before
{Heap before GC invocations=3 (full 1):
 PSYoungGen      total 38400K, used 33280K [0x00000000eab00000, 0x00000000ef600000, 0x0000000100000000)
  eden space 33280K, 100% used [0x00000000eab00000,0x00000000ecb80000,0x00000000ecb80000)
  from space 5120K, 0% used [0x00000000ecb80000,0x00000000ecb80000,0x00000000ed080000)
  to   space 5120K, 0% used [0x00000000ef100000,0x00000000ef100000,0x00000000ef600000)
 ParOldGen       total 55808K, used 890K [0x00000000c0000000, 0x00000000c3680000, 0x00000000eab00000)
  object space 55808K, 1% used [0x00000000c0000000,0x00000000c00dea58,0x00000000c3680000)
 Metaspace       used 6082K, capacity 7024K, committed 7296K, reserved 1060864K
  class space    used 592K, capacity 616K, committed 640K, reserved 1048576K
Event: 3.649 GC heap after
Heap after GC invocations=3 (full 1):
 PSYoungGen      total 46592K, used 5112K [0x00000000eab00000, 0x00000000ef600000, 0x0000000100000000)
  eden space 41472K, 0% used [0x00000000eab00000,0x00000000eab00000,0x00000000ed380000)
  from space 5120K, 99% used [0x00000000ef100000,0x00000000ef5fe1a0,0x00000000ef600000)
  to   space 5120K, 0% used [0x00000000eec00000,0x00000000eec00000,0x00000000ef100000)
 ParOldGen       total 55808K, used 2424K [0x00000000c0000000, 0x00000000c3680000, 0x00000000eab00000)
  object space 55808K, 4% used [0x00000000c0000000,0x00000000c025e1e8,0x00000000c3680000)
 Metaspace       used 6082K, capacity 7024K, committed 7296K, reserved 1060864K
  class space    used 592K, capacity 616K, committed 640K, reserved 1048576K
}
Event: 4.140 GC heap before
{Heap before GC invocations=4 (full 1):
 PSYoungGen      total 46592K, used 46584K [0x00000000eab00000, 0x00000000ef600000, 0x0000000100000000)
  eden space 41472K, 100% used [0x00000000eab00000,0x00000000ed380000,0x00000000ed380000)
  from space 5120K, 99% used [0x00000000ef100000,0x00000000ef5fe1a0,0x00000000ef600000)
  to   space 5120K, 0% used [0x00000000eec00000,0x00000000eec00000,0x00000000ef100000)
 ParOldGen       total 55808K, used 2424K [0x00000000c0000000, 0x00000000c3680000, 0x00000000eab00000)
  object space 55808K, 4% used [0x00000000c0000000,0x00000000c025e1e8,0x00000000c3680000)
 Metaspace       used 6186K, capacity 7088K, committed 7296K, reserved 1060864K
  class space    used 592K, capacity 616K, committed 640K, reserved 1048576K
Event: 4.165 GC heap after
Heap after GC invocations=4 (full 1):
 PSYoungGen      total 58880K, used 5094K [0x00000000eab00000, 0x00000000ef180000, 0x0000000100000000)
  eden space 53760K, 0% used [0x00000000eab00000,0x00000000eab00000,0x00000000edf80000)
  from space 5120K, 99% used [0x00000000eec00000,0x00000000ef0f9a48,0x00000000ef100000)
  to   space 512K, 0% used [0x00000000ef100000,0x00000000ef100000,0x00000000ef180000)
 ParOldGen       total 55808K, used 8318K [0x00000000c0000000, 0x00000000c3680000, 0x00000000eab00000)
  object space 55808K, 14% used [0x00000000c0000000,0x00000000c081f828,0x00000000c3680000)
 Metaspace       used 6186K, capacity 7088K, committed 7296K, reserved 1060864K
  class space    used 592K, capacity 616K, committed 640K, reserved 1048576K
}
Event: 4.670 GC heap before
{Heap before GC invocations=5 (full 1):
 PSYoungGen      total 58880K, used 58854K [0x00000000eab00000, 0x00000000ef180000, 0x0000000100000000)
  eden space 53760K, 100% used [0x00000000eab00000,0x00000000edf80000,0x00000000edf80000)
  from space 5120K, 99% used [0x00000000eec00000,0x00000000ef0f9a48,0x00000000ef100000)
  to   space 512K, 0% used [0x00000000ef100000,0x00000000ef100000,0x00000000ef180000)
 ParOldGen       total 55808K, used 8318K [0x00000000c0000000, 0x00000000c3680000, 0x00000000eab00000)
  object space 55808K, 14% used [0x00000000c0000000,0x00000000c081f828,0x00000000c3680000)
 Metaspace       used 6322K, capacity 7192K, committed 7424K, reserved 1060864K
  class space    used 613K, capacity 656K, committed 768K, reserved 1048576K
Event: 4.703 GC heap after
Heap after GC invocations=5 (full 1):
 PSYoungGen      total 67072K, used 502K [0x00000000eab00000, 0x00000000efb00000, 0x0000000100000000)
  eden space 66560K, 0% used [0x00000000eab00000,0x00000000eab00000,0x00000000eec00000)
  from space 512K, 98% used [0x00000000ef100000,0x00000000ef17da10,0x00000000ef180000)
  to   space 5120K, 0% used [0x00000000eec00000,0x00000000eec00000,0x00000000ef100000)
 ParOldGen       total 55808K, used 20922K [0x00000000c0000000, 0x00000000c3680000, 0x00000000eab00000)
  object space 55808K, 37% used [0x00000000c0000000,0x00000000c146e858,0x00000000c3680000)
 Metaspace       used 6322K, capacity 7192K, committed 7424K, reserved 1060864K
  class space    used 613K, capacity 656K, committed 768K, reserved 1048576K
}

